1574730145.888147 client started (12202): version 2.9a, socket /tmp//tmux-501/default, protocol 8
1574730145.888207 on Darwin 18.7.0 Darwin Kernel Version 18.7.0: Sat Oct 12 00:02:19 PDT 2019; root:xnu-4903.278.12~1/RELEASE_X86_64; libevent 2.1.11-stable (select)
1574730145.888255 socket is /tmp//tmux-501/default
1574730145.888280 trying connect
1574730145.888388 add peer 0x10679b000: 6 (0x0)
1574730145.889525 sending message 100 to peer 0x10679b000 (4 bytes)
1574730145.889549 sending message 101 to peer 0x10679b000 (16 bytes)
1574730145.889561 sending message 102 to peer 0x10679b000 (13 bytes)
1574730145.889571 sending message 108 to peer 0x10679b000 (26 bytes)
1574730145.889590 sending message 104 to peer 0x10679b000 (0 bytes)
1574730145.889601 sending message 107 to peer 0x10679b000 (4 bytes)
1574730145.889611 sending message 105 to peer 0x10679b000 (22 bytes)
1574730145.889620 sending message 105 to peer 0x10679b000 (16 bytes)
1574730145.889630 sending message 105 to peer 0x10679b000 (23 bytes)
1574730145.889640 sending message 105 to peer 0x10679b000 (16 bytes)
1574730145.889649 sending message 105 to peer 0x10679b000 (21 bytes)
1574730145.889659 sending message 105 to peer 0x10679b000 (41 bytes)
1574730145.889669 sending message 105 to peer 0x10679b000 (11 bytes)
1574730145.889678 sending message 105 to peer 0x10679b000 (57 bytes)
1574730145.889688 sending message 105 to peer 0x10679b000 (76 bytes)
1574730145.889698 sending message 105 to peer 0x10679b000 (27 bytes)
1574730145.889707 sending message 105 to peer 0x10679b000 (33 bytes)
1574730145.889717 sending message 105 to peer 0x10679b000 (60 bytes)
1574730145.889727 sending message 105 to peer 0x10679b000 (20 bytes)
1574730145.889736 sending message 105 to peer 0x10679b000 (10 bytes)
1574730145.889750 sending message 105 to peer 0x10679b000 (19 bytes)
1574730145.889760 sending message 105 to peer 0x10679b000 (66 bytes)
1574730145.889770 sending message 105 to peer 0x10679b000 (32 bytes)
1574730145.889780 sending message 105 to peer 0x10679b000 (18 bytes)
1574730145.889789 sending message 105 to peer 0x10679b000 (34 bytes)
1574730145.889799 sending message 105 to peer 0x10679b000 (73 bytes)
1574730145.889809 sending message 105 to peer 0x10679b000 (383 bytes)
1574730145.889819 sending message 105 to peer 0x10679b000 (16 bytes)
1574730145.889829 sending message 105 to peer 0x10679b000 (21 bytes)
1574730145.889838 sending message 105 to peer 0x10679b000 (30 bytes)
1574730145.889848 sending message 105 to peer 0x10679b000 (12 bytes)
1574730145.889858 sending message 105 to peer 0x10679b000 (22 bytes)
1574730145.889867 sending message 105 to peer 0x10679b000 (36 bytes)
1574730145.889877 sending message 105 to peer 0x10679b000 (13 bytes)
1574730145.889887 sending message 105 to peer 0x10679b000 (14 bytes)
1574730145.889897 sending message 105 to peer 0x10679b000 (19 bytes)
1574730145.889906 sending message 105 to peer 0x10679b000 (15 bytes)
1574730145.889916 sending message 105 to peer 0x10679b000 (17 bytes)
1574730145.889926 sending message 105 to peer 0x10679b000 (8 bytes)
1574730145.889935 sending message 105 to peer 0x10679b000 (33 bytes)
1574730145.889945 sending message 105 to peer 0x10679b000 (26 bytes)
1574730145.889955 sending message 105 to peer 0x10679b000 (61 bytes)
1574730145.889964 sending message 105 to peer 0x10679b000 (13 bytes)
1574730145.889974 sending message 105 to peer 0x10679b000 (51 bytes)
1574730145.889984 sending message 105 to peer 0x10679b000 (15 bytes)
1574730145.889994 sending message 105 to peer 0x10679b000 (52 bytes)
1574730145.890003 sending message 105 to peer 0x10679b000 (16 bytes)
1574730145.890013 sending message 105 to peer 0x10679b000 (22 bytes)
1574730145.890022 sending message 105 to peer 0x10679b000 (217 bytes)
1574730145.890032 sending message 105 to peer 0x10679b000 (75 bytes)
1574730145.890042 sending message 105 to peer 0x10679b000 (14 bytes)
1574730145.890054 sending message 105 to peer 0x10679b000 (19 bytes)
1574730145.890064 sending message 105 to peer 0x10679b000 (24 bytes)
1574730145.890074 sending message 105 to peer 0x10679b000 (14 bytes)
1574730145.890096 sending message 105 to peer 0x10679b000 (20 bytes)
1574730145.890103 sending message 105 to peer 0x10679b000 (47 bytes)
1574730145.890110 sending message 105 to peer 0x10679b000 (22 bytes)
1574730145.890117 sending message 106 to peer 0x10679b000 (0 bytes)
1574730145.890128 sending message 200 to peer 0x10679b000 (4 bytes)
1574730145.890135 client loop enter
1574730145.890382 peer 0x10679b000 message 211
1574730145.890401 client_write: sessions should be nested with care, unset $TMUX to force\n
1574730145.890424 peer 0x10679b000 message 203
1574730145.890434 client loop exit
